  FlappyPlane.cpp
  Vector3.cpp
  Texture.cpp
  Sprite.cpp
c:\users\gs-1558\documents\visual studio 2017\projects\flappyplane\flappyplane\engine\graphics\sprite.cpp(34): warning C4244: 'argument': conversion from 'double' to 'GLfloat', possible loss of data
c:\users\gs-1558\documents\visual studio 2017\projects\flappyplane\flappyplane\engine\graphics\sprite.cpp(35): warning C4244: 'argument': conversion from 'double' to 'GLfloat', possible loss of data
c:\users\gs-1558\documents\visual studio 2017\projects\flappyplane\flappyplane\engine\graphics\sprite.cpp(36): warning C4244: 'argument': conversion from 'double' to 'GLfloat', possible loss of data
c:\users\gs-1558\documents\visual studio 2017\projects\flappyplane\flappyplane\engine\graphics\sprite.cpp(41): warning C4244: 'argument': conversion from 'int' to 'GLfloat', possible loss of data
c:\users\gs-1558\documents\visual studio 2017\projects\flappyplane\flappyplane\engine\graphics\sprite.cpp(42): warning C4244: 'argument': conversion from 'int' to 'GLfloat', possible loss of data
c:\users\gs-1558\documents\visual studio 2017\projects\flappyplane\flappyplane\engine\graphics\sprite.cpp(43): warning C4244: 'argument': conversion from 'int' to 'GLfloat', possible loss of data
  Mouse.cpp
  Keyboard.cpp
  Engine.cpp
  Generating Code...
SOIL.lib(image_DXT.obj) : warning LNK4099: PDB 'SOIL.pdb' was not found with 'SOIL.lib(image_DXT.obj)' or at 'C:\Users\GS-1558\Documents\Visual Studio 2017\Projects\FlappyPlane\Debug\SOIL.pdb'; linking object as if no debug info
SOIL.lib(image_helper.obj) : warning LNK4099: PDB 'SOIL.pdb' was not found with 'SOIL.lib(image_helper.obj)' or at 'C:\Users\GS-1558\Documents\Visual Studio 2017\Projects\FlappyPlane\Debug\SOIL.pdb'; linking object as if no debug info
SOIL.lib(SOIL.obj) : warning LNK4099: PDB 'SOIL.pdb' was not found with 'SOIL.lib(SOIL.obj)' or at 'C:\Users\GS-1558\Documents\Visual Studio 2017\Projects\FlappyPlane\Debug\SOIL.pdb'; linking object as if no debug info
SOIL.lib(stb_image_aug.obj) : warning LNK4099: PDB 'SOIL.pdb' was not found with 'SOIL.lib(stb_image_aug.obj)' or at 'C:\Users\GS-1558\Documents\Visual Studio 2017\Projects\FlappyPlane\Debug\SOIL.pdb'; linking object as if no debug info
  FlappyPlane.vcxproj -> C:\Users\GS-1558\Documents\Visual Studio 2017\Projects\FlappyPlane\Debug\FlappyPlane.exe
  FlappyPlane.vcxproj -> C:\Users\GS-1558\Documents\Visual Studio 2017\Projects\FlappyPlane\Debug\FlappyPlane.pdb (Partial PDB)
